\BOOKMARK [0][-]{chapter*.1}{\376\377\166\356\137\125}{}% 1
\BOOKMARK [0][-]{chapter.0.1}{\376\377\173\054\116\000\172\340\000\040\000\040\155\101\172\013\143\247\122\066\213\355\123\345}{}% 2
\BOOKMARK [1][-]{section.0.1.1}{\376\377\0001\000\040\000f\000o\000r}{chapter.0.1}% 3
\BOOKMARK [2][-]{subsection.0.1.1.1}{\376\377\0001\000.\0001\000\040\000t\000e\000m\000p\000l\000a\000t\000e\152\041\147\177}{section.0.1.1}% 4
\BOOKMARK [1][-]{section.0.1.2}{\376\377\0002\000\040\000f\000o\000r\137\252\163\257}{chapter.0.1}% 5
\BOOKMARK [1][-]{section.0.1.3}{\376\377\0003\000\040}{chapter.0.1}% 6
\BOOKMARK [1][-]{section.0.1.4}{\376\377\0004\000\040\000i\000f\000-\000e\000l\000s\000e}{chapter.0.1}% 7
\BOOKMARK [0][-]{chapter.0.2}{\376\377\173\054\116\214\172\340\000\040\000\040\000b\000i\000t\117\115\217\320\173\227}{}% 8
\BOOKMARK [1][-]{section.0.2.1}{\376\377\0001\000\040\000b\000i\000t\117\115\217\320\173\227}{chapter.0.2}% 9
\BOOKMARK [1][-]{section.0.2.2}{\376\377\0002\000\040\000i\000n\000c\000l\000u\000d\000e}{chapter.0.2}% 10
\BOOKMARK [2][-]{subsection.0.2.2.1}{\376\377\0002\000.\0001\000\040\000f\000s\000t\000r\000e\000a\000m}{section.0.2.2}% 11
\BOOKMARK [1][-]{section.0.2.3}{\376\377\0003\000\040\000i\000f\000\040\000e\000l\000s\000e}{chapter.0.2}% 12
\BOOKMARK [2][-]{subsection.0.2.3.1}{\376\377\0003\000.\0001\000\040\000C\000S\000P\000-\000J\000-\0002\0000\0002\0001\000-\0000\0001\000-\000c\000a\000n\000d\000y\122\006\174\326\147\234}{section.0.2.3}% 13
\BOOKMARK [1][-]{section.0.2.4}{\376\377\0004\000\040\000\046\000\040\000R\000e\000f\000e\000r\000e\000n\000c\000e\137\025\165\050}{chapter.0.2}% 14
\BOOKMARK [0][-]{chapter.0.3}{\376\377\173\054\116\011\172\340\000\040\000\040\172\013\136\217\127\372\147\054\151\202\137\365}{}% 15
\BOOKMARK [1][-]{section.0.3.1}{\376\377\0001\000\040\145\160\143\156\174\173\127\213}{chapter.0.3}% 16
\BOOKMARK [2][-]{subsection.0.3.1.1}{\376\377\0001\000.\0001\000\040\127\372\147\054\166\204\121\205\177\156\174\173\127\213}{section.0.3.1}% 17
\BOOKMARK [2][-]{subsection.0.3.1.2}{\376\377\0001\000.\0002\000\040\201\352\133\232\116\111\145\160\143\156\174\173\127\213}{section.0.3.1}% 18
\BOOKMARK [3][-]{subsubsection.0.3.1.2.1}{\376\377\0001\000.\0002\000.\0001\000\040\000s\000t\000r\000u\000c\000t\176\323\147\204\117\123}{subsection.0.3.1.2}% 19
\BOOKMARK [3][-]{subsubsection.0.3.1.2.2}{\376\377\0001\000.\0002\000.\0002\000\040\000c\000l\000a\000s\000s\174\173}{subsection.0.3.1.2}% 20
\BOOKMARK [1][-]{section.0.3.2}{\376\377\0002\000\040\123\330\221\317\174\173\127\213}{chapter.0.3}% 21
\BOOKMARK [1][-]{section.0.3.3}{\376\377\0003\000\040\123\330\221\317\117\134\165\050\127\337}{chapter.0.3}% 22
\BOOKMARK [1][-]{section.0.3.4}{\376\377\0004\000\040\134\100\220\350\123\330\221\317}{chapter.0.3}% 23
\BOOKMARK [1][-]{section.0.3.5}{\376\377\0005\000\040\121\150\134\100\123\330\221\317}{chapter.0.3}% 24
\BOOKMARK [1][-]{section.0.3.6}{\376\377\0006\000\040\127\127\117\134\165\050\127\337}{chapter.0.3}% 25
\BOOKMARK [1][-]{section.0.3.7}{\376\377\0007\000\040\116\343\170\001\116\313\176\315}{chapter.0.3}% 26
\BOOKMARK [1][-]{section.0.3.8}{\376\377\0008\000\040\150\007\213\306\173\046}{chapter.0.3}% 27
\BOOKMARK [1][-]{section.0.3.9}{\376\377\0009\000\040\121\163\225\056\133\127}{chapter.0.3}% 28
\BOOKMARK [0][-]{chapter.0.4}{\376\377\173\054\126\333\172\340\000\040\000\040\127\372\147\054\145\160\143\156\174\173\127\213}{}% 29
\BOOKMARK [0][-]{chapter.0.5}{\376\377\173\054\116\224\172\340\000\040\000\040\127\372\147\054\217\320\173\227}{}% 30
\BOOKMARK [0][-]{chapter.0.6}{\376\377\173\054\121\155\172\340\000\040\000\040\145\160\133\146\136\223\136\070\165\050\121\375\145\160}{}% 31
\BOOKMARK [0][-]{chapter.0.7}{\376\377\173\054\116\003\172\340\000\040\000\040\176\323\147\204\123\026\172\013\136\217\213\276\213\241}{}% 32
\BOOKMARK [0][-]{chapter.0.8}{\376\377\173\054\121\153\172\340\000\040\000\040\145\160\176\304}{}% 33
\BOOKMARK [0][-]{chapter.0.9}{\376\377\173\054\116\135\172\340\000\040\000\040\133\127\173\046\116\062\166\204\131\004\164\006}{}% 34
\BOOKMARK [0][-]{chapter.0.10}{\376\377\173\054\123\101\172\340\000\040\000\040\121\375\145\160\116\016\220\022\137\122}{}% 35
\BOOKMARK [0][-]{chapter.0.11}{\376\377\173\054\123\101\116\000\172\340\000\040\000\040\176\323\147\204\117\123\116\016\200\124\124\010\117\123}{}% 36
\BOOKMARK [0][-]{chapter.0.12}{\376\377\173\054\123\101\116\214\172\340\000\040\000\040\143\007\224\210\174\173\127\213}{}% 37
\BOOKMARK [0][-]{chapter.0.13}{\376\377\173\054\123\101\116\011\172\340\000\040\000\040\145\207\116\366\123\312\127\372\147\054\213\373\121\231}{}% 38
\BOOKMARK [1][-]{section.0.13.1}{\376\377\0001\000\040\000f\000s\000t\000r\000e\000a\000m}{chapter.0.13}% 39
\BOOKMARK [1][-]{section.0.13.2}{\376\377\0002\000\040\000i\000f\000s\000t\000r\000e\000a\000m}{chapter.0.13}% 40
\BOOKMARK [1][-]{section.0.13.3}{\376\377\0003\000\040\000i\000f\000s\000t\000r\000e\000a\000m}{chapter.0.13}% 41
\BOOKMARK [0][-]{chapter.0.14}{\376\377\173\054\123\101\126\333\172\340\000\040\000\040\000s\000t\000d}{}% 42
\BOOKMARK [0][-]{chapter.0.15}{\376\377\173\054\123\101\116\224\172\340\000\040\000\040\000s\000t\000l}{}% 43
\BOOKMARK [0][-]{chapter.0.16}{\376\377\173\054\123\101\121\155\172\340\000\040\000\040\174\173}{}% 44
\BOOKMARK [0][-]{chapter.0.17}{\376\377\173\054\123\101\116\003\172\340\000\040\000\040\227\142\124\021\133\371\214\141}{}% 45
\BOOKMARK [1][-]{section.0.17.1}{\376\377\0001\000\040\173\227\147\057\217\320\173\227\173\046}{chapter.0.17}% 46
\BOOKMARK [1][-]{section.0.17.2}{\376\377\0002\000\040\121\163\174\373\217\320\173\227\173\046}{chapter.0.17}% 47
\BOOKMARK [1][-]{section.0.17.3}{\376\377\0003\000\040\220\073\217\221\217\320\173\227\173\046}{chapter.0.17}% 48
\BOOKMARK [0][-]{chapter.0.18}{\376\377\173\054\123\101\121\153\172\340\000\040\000\040\154\350\221\312}{}% 49
\BOOKMARK [1][-]{section.0.18.1}{\376\377\0001\000\040\123\125\210\114\131\032\210\114\154\350\221\312}{chapter.0.18}% 50
\BOOKMARK [0][-]{chapter.0.19}{\376\377\173\054\123\101\116\135\172\340\000\040\000\040\136\070\221\317}{}% 51
\BOOKMARK [1][-]{section.0.19.1}{\376\377\0001\000\040\000\043\000d\000e\000f\000i\000n\000e\230\204\131\004\164\006\126\150}{chapter.0.19}% 52
\BOOKMARK [1][-]{section.0.19.2}{\376\377\0002\000\040\000c\000o\000n\000s\000t\000\040\121\163\225\056\133\127}{chapter.0.19}% 53
\BOOKMARK [0][-]{chapter.0.20}{\376\377\173\054\116\214\123\101\172\340\000\040\000\040\117\356\231\160\173\046\174\173\127\213}{}% 54
\BOOKMARK [0][-]{chapter.0.21}{\376\377\173\054\116\214\123\101\116\000\172\340\000\040\000\040\121\375\145\160}{}% 55
\BOOKMARK [1][-]{section.0.21.1}{\376\377\0001\000\040\000C\000S\000P\000-\000J\377\010\146\156\123\312\176\304\377\011\0002\0000\0002\0002\136\164\000T\0001\116\130\145\271\000\050\000p\000o\000w\000\051}{chapter.0.21}% 56
\BOOKMARK [0][-]{chapter.0.22}{\376\377\173\054\116\214\123\101\116\214\172\340\000\040\000\040\145\160\176\304}{}% 57
\BOOKMARK [0][-]{chapter.0.23}{\376\377\173\054\116\214\123\101\116\011\172\340\000\040\000\040\000S\000T\000L}{}% 58
\BOOKMARK [0][-]{chapter.0.24}{\376\377\173\054\116\214\123\101\126\333\172\340\000\040\000\040\000S\000L\000T}{}% 59
\BOOKMARK [1][-]{section.0.24.1}{\376\377\0001\000\040\000v\000e\000c\000t\000o\000r\124\021\221\317}{chapter.0.24}% 60
\BOOKMARK [2][-]{subsection.0.24.1.1}{\376\377\0001\000.\0001\000\040\000s\000t\000l\000\137\000v\000e\000c\000t\000o\000r\000.\000h}{section.0.24.1}% 61
\BOOKMARK [0][-]{chapter.0.25}{\376\377\173\054\116\214\123\101\116\224\172\340\000\040\000\040\000c\000l\000a\000s\000s\174\173}{}% 62
\BOOKMARK [1][-]{section.0.25.1}{\376\377\0001\000\040\147\204\220\040\121\375\145\160}{chapter.0.25}% 63
\BOOKMARK [1][-]{section.0.25.2}{\376\377\0002\000\040\142\367\215\035\147\204\220\040\121\375\145\160}{chapter.0.25}% 64
